<!DOCTYPE html>
<html>
<head>
<meta http-equiv="Content-Type" content="text/html; charset=utf-8"/>
<meta http-equiv="x-ua-compatible" content="IE=edge"/>
<title>Test results - Class dslab.transfer.TransferServerProtocolTest</title>
<link href="../css/base-style.css" rel="stylesheet" type="text/css"/>
<link href="../css/style.css" rel="stylesheet" type="text/css"/>
<script src="../js/report.js" type="text/javascript"></script>
</head>
<body>
<div id="content">
<h1>Class dslab.transfer.TransferServerProtocolTest</h1>
<div class="breadcrumbs">
<a href="../index.html">all</a> &gt; 
<a href="../packages/dslab.transfer.html">dslab.transfer</a> &gt; TransferServerProtocolTest</div>
<div id="summary">
<table>
<tr>
<td>
<div class="summaryGroup">
<table>
<tr>
<td>
<div class="infoBox" id="tests">
<div class="counter">3</div>
<p>tests</p>
</div>
</td>
<td>
<div class="infoBox" id="failures">
<div class="counter">3</div>
<p>failures</p>
</div>
</td>
<td>
<div class="infoBox" id="ignored">
<div class="counter">0</div>
<p>ignored</p>
</div>
</td>
<td>
<div class="infoBox" id="duration">
<div class="counter">9.080s</div>
<p>duration</p>
</div>
</td>
</tr>
</table>
</div>
</td>
<td>
<div class="infoBox failures" id="successRate">
<div class="percent">0%</div>
<p>successful</p>
</div>
</td>
</tr>
</table>
</div>
<div id="tabs">
<ul class="tabLinks">
<li>
<a href="#tab0">Failed tests</a>
</li>
<li>
<a href="#tab1">Tests</a>
</li>
<li>
<a href="#tab2">Standard output</a>
</li>
<li>
<a href="#tab3">Standard error</a>
</li>
</ul>
<div id="tab0" class="tab">
<h2>Failed tests</h2>
<div class="test">
<a name="tfs_01_dmtp_simple"></a>
<h3 class="failures">tfs_01_dmtp_simple</h3>
<span class="code">
<pre>java.lang.AssertionError: 
Expected: a string containing &quot;ok 1&quot;
     but: was &quot;java.util.MissingResourceException: Can't find resource for bundle java.util.PropertyResourceBundle, key domain&quot;
	at org.hamcrest.MatcherAssert.assertThat(MatcherAssert.java:20)
	at org.junit.Assert.assertThat(Assert.java:956)
	at org.junit.Assert.assertThat(Assert.java:923)
	at dslab.JunitSocketClient.assertThat(JunitSocketClient.java:122)
	at dslab.JunitSocketClient.sendAndVerify(JunitSocketClient.java:103)
	at dslab.transfer.TransferServerProtocolTest.tfs_01_dmtp_simple(TransferServerProtocolTest.java:48)
	at java.base/jdk.internal.reflect.NativeMethodAccessorImpl.invoke0(Native Method)
	at java.base/jdk.internal.reflect.NativeMethodAccessorImpl.invoke(NativeMethodAccessorImpl.java:62)
	at java.base/jdk.internal.reflect.DelegatingMethodAccessorImpl.invoke(DelegatingMethodAccessorImpl.java:43)
	at java.base/java.lang.reflect.Method.invoke(Method.java:566)
	at org.junit.runners.model.FrameworkMethod$1.runReflectiveCall(FrameworkMethod.java:50)
	at org.junit.internal.runners.model.ReflectiveCallable.run(ReflectiveCallable.java:12)
	at org.junit.runners.model.FrameworkMethod.invokeExplosively(FrameworkMethod.java:47)
	at org.junit.internal.runners.statements.InvokeMethod.evaluate(InvokeMethod.java:17)
	at org.junit.internal.runners.statements.FailOnTimeout$CallableStatement.call(FailOnTimeout.java:298)
	at org.junit.internal.runners.statements.FailOnTimeout$CallableStatement.call(FailOnTimeout.java:292)
	at java.base/java.util.concurrent.FutureTask.run(FutureTask.java:264)
	at java.base/java.lang.Thread.run(Thread.java:829)
</pre>
</span>
</div>
<div class="test">
<a name="tfs_02_sendWithoutData_returnsErrorOnSend"></a>
<h3 class="failures">tfs_02_sendWithoutData_returnsErrorOnSend</h3>
<span class="code">
<pre>java.lang.AssertionError: 
Expected: a string containing &quot;error&quot;
     but: was &quot;no recipients from subject body&quot;
	at org.hamcrest.MatcherAssert.assertThat(MatcherAssert.java:20)
	at org.junit.Assert.assertThat(Assert.java:956)
	at org.junit.Assert.assertThat(Assert.java:923)
	at dslab.JunitSocketClient.assertThat(JunitSocketClient.java:122)
	at dslab.JunitSocketClient.sendAndVerify(JunitSocketClient.java:103)
	at dslab.transfer.TransferServerProtocolTest.tfs_02_sendWithoutData_returnsErrorOnSend(TransferServerProtocolTest.java:62)
	at java.base/jdk.internal.reflect.NativeMethodAccessorImpl.invoke0(Native Method)
	at java.base/jdk.internal.reflect.NativeMethodAccessorImpl.invoke(NativeMethodAccessorImpl.java:62)
	at java.base/jdk.internal.reflect.DelegatingMethodAccessorImpl.invoke(DelegatingMethodAccessorImpl.java:43)
	at java.base/java.lang.reflect.Method.invoke(Method.java:566)
	at org.junit.runners.model.FrameworkMethod$1.runReflectiveCall(FrameworkMethod.java:50)
	at org.junit.internal.runners.model.ReflectiveCallable.run(ReflectiveCallable.java:12)
	at org.junit.runners.model.FrameworkMethod.invokeExplosively(FrameworkMethod.java:47)
	at org.junit.internal.runners.statements.InvokeMethod.evaluate(InvokeMethod.java:17)
	at org.junit.internal.runners.statements.FailOnTimeout$CallableStatement.call(FailOnTimeout.java:298)
	at org.junit.internal.runners.statements.FailOnTimeout$CallableStatement.call(FailOnTimeout.java:292)
	at java.base/java.util.concurrent.FutureTask.run(FutureTask.java:264)
	at java.base/java.lang.Thread.run(Thread.java:829)
</pre>
</span>
</div>
<div class="test">
<a name="tfs_03_sendWithoutRecipient_returnsErrorOnSend"></a>
<h3 class="failures">tfs_03_sendWithoutRecipient_returnsErrorOnSend</h3>
<span class="code">
<pre>java.lang.AssertionError: 
Expected: a string containing &quot;error&quot;
     but: was &quot;no recipients&quot;
	at org.hamcrest.MatcherAssert.assertThat(MatcherAssert.java:20)
	at org.junit.Assert.assertThat(Assert.java:956)
	at org.junit.rules.ErrorCollector$1.call(ErrorCollector.java:65)
	at org.junit.rules.ErrorCollector.checkSucceeds(ErrorCollector.java:78)
	at org.junit.rules.ErrorCollector.checkThat(ErrorCollector.java:63)
	at org.junit.rules.ErrorCollector.checkThat(ErrorCollector.java:54)
	at dslab.JunitSocketClient.assertThat(JunitSocketClient.java:120)
	at dslab.JunitSocketClient.sendAndVerify(JunitSocketClient.java:103)
	at dslab.transfer.TransferServerProtocolTest.tfs_03_sendWithoutRecipient_returnsErrorOnSend(TransferServerProtocolTest.java:76)
	at java.base/jdk.internal.reflect.NativeMethodAccessorImpl.invoke0(Native Method)
	at java.base/jdk.internal.reflect.NativeMethodAccessorImpl.invoke(NativeMethodAccessorImpl.java:62)
	at java.base/jdk.internal.reflect.DelegatingMethodAccessorImpl.invoke(DelegatingMethodAccessorImpl.java:43)
	at java.base/java.lang.reflect.Method.invoke(Method.java:566)
	at org.junit.runners.model.FrameworkMethod$1.runReflectiveCall(FrameworkMethod.java:50)
	at org.junit.internal.runners.model.ReflectiveCallable.run(ReflectiveCallable.java:12)
	at org.junit.runners.model.FrameworkMethod.invokeExplosively(FrameworkMethod.java:47)
	at org.junit.internal.runners.statements.InvokeMethod.evaluate(InvokeMethod.java:17)
	at org.junit.internal.runners.statements.FailOnTimeout$CallableStatement.call(FailOnTimeout.java:298)
	at org.junit.internal.runners.statements.FailOnTimeout$CallableStatement.call(FailOnTimeout.java:292)
	at java.base/java.util.concurrent.FutureTask.run(FutureTask.java:264)
	at java.base/java.lang.Thread.run(Thread.java:829)
</pre>
</span>
</div>
</div>
<div id="tab1" class="tab">
<h2>Tests</h2>
<table>
<thead>
<tr>
<th>Test</th>
<th>Duration</th>
<th>Result</th>
</tr>
</thead>
<tr>
<td class="failures">tfs_01_dmtp_simple</td>
<td class="failures">3.014s</td>
<td class="failures">failed</td>
</tr>
<tr>
<td class="failures">tfs_02_sendWithoutData_returnsErrorOnSend</td>
<td class="failures">3.049s</td>
<td class="failures">failed</td>
</tr>
<tr>
<td class="failures">tfs_03_sendWithoutRecipient_returnsErrorOnSend</td>
<td class="failures">3.017s</td>
<td class="failures">failed</td>
</tr>
</table>
</div>
<div id="tab2" class="tab">
<h2>Standard output</h2>
<span class="code">
<pre>Test Run Finished: TransferServerProtocolTest
Test Name                                                                        Max Points      Earned Points  
-------------------------------------------------------------------              ----------      ------------   
tfs_03_sendWithoutRecipient_returnsErrorOnSend                                   0,50            0,00           
tfs_01_dmtp_simple                                                               1,50            0,00           
tfs_02_sendWithoutData_returnsErrorOnSend                                        0,50            0,00           
Total points possible: 2.5
Total points earned: 0.0

</pre>
</span>
</div>
<div id="tab3" class="tab">
<h2>Standard error</h2>
<span class="code">
<pre>Nov 15, 2023 12:07:11 AM dslab.transfer.TransferServerProtocolTest setUp
INFO: Waiting for server socket to appear
Nov 15, 2023 12:07:14 AM dslab.transfer.TransferServerProtocolTest setUp
INFO: Waiting for server socket to appear
Nov 15, 2023 12:07:17 AM dslab.transfer.TransferServerProtocolTest setUp
INFO: Waiting for server socket to appear
</pre>
</span>
</div>
</div>
<div id="footer">
<p>
<div>
<label class="hidden" id="label-for-line-wrapping-toggle" for="line-wrapping-toggle">Wrap lines
<input id="line-wrapping-toggle" type="checkbox" autocomplete="off"/>
</label>
</div>Generated by 
<a href="http://www.gradle.org">Gradle 6.6.1</a> at 15 Nov 2023, 00:07:20</p>
</div>
</div>
</body>
</html>
